This file contains any messages produced by compilers while
running configure, to aid debugging if configure makes a mistake.

It was created by concordance configure 0.23, which was
generated by GNU Autoconf 2.67.  Invocation command line was

  $ ./configure 

## --------- ##
## Platform. ##
## --------- ##

hostname = Dougs-Mac-Pro.local
uname -m = x86_64
uname -r = 11.1.0
uname -s = Darwin
uname -v = Darwin Kernel Version 11.1.0: Tue Jul 26 16:07:11 PDT 2011; root:xnu-1699.22.81~1/RELEASE_X86_64

/usr/bin/uname -p = i386
/bin/uname -X     = unknown

/bin/arch              = unknown
/usr/bin/arch -k       = unknown
/usr/convex/getsysinfo = unknown
/usr/bin/hostinfo      = Mach kernel version:
	 Darwin Kernel Version 11.1.0: Tue Jul 26 16:07:11 PDT 2011; root:xnu-1699.22.81~1/RELEASE_X86_64
Kernel configured for up to 8 processors.
8 processors are physically available.
8 processors are logically available.
Processor type: i486 (Intel 80486)
Processors active: 0 1 2 3 4 5 6 7
Primary memory available: 6.00 gigabytes
Default processor set: 110 tasks, 527 threads, 8 processors
Load average: 1.23, Mach factor: 6.76
/bin/machine           = unknown
/usr/bin/oslevel       = unknown
/bin/universe          = unknown

PATH: /opt/local/bin
PATH: /opt/local/sbin
PATH: /usr/bin
PATH: /bin
PATH: /usr/sbin
PATH: /sbin
PATH: /usr/local/bin
PATH: /usr/X11/bin
PATH: /Users/doug/bin
PATH: /opt/mt/bin


## ----------- ##
## Core tests. ##
## ----------- ##

configure:2389: checking for a BSD-compatible install
configure:2457: result: /usr/bin/install -c
configure:2468: checking whether build environment is sane
configure:2505: result: yes
configure:2530: checking for a thread-safe mkdir -p
configure:2569: result: ./install-sh -c -d
configure:2582: checking for gawk
configure:2612: result: no
configure:2582: checking for mawk
configure:2612: result: no
configure:2582: checking for nawk
configure:2612: result: no
configure:2582: checking for awk
configure:2598: found /usr/bin/awk
configure:2609: result: awk
configure:2620: checking whether make sets $(MAKE)
configure:2642: result: yes
configure:2854: checking build system type
configure:2868: result: x86_64-apple-darwin11.1.0
configure:2888: checking host system type
configure:2901: result: x86_64-apple-darwin11.1.0
configure:2933: checking for style of include used by make
configure:2961: result: GNU
configure:3031: checking for gcc
configure:3047: found /usr/bin/gcc
configure:3058: result: gcc
configure:3287: checking for C compiler version
configure:3296: gcc --version >&5
i686-apple-darwin11-llvm-gcc-4.2 (GCC) 4.2.1 (Based on Apple Inc. build 5658) (LLVM build 2335.15.00)
Copyright (C) 2007 Free Software Foundation, Inc.
This is free software; see the source for copying conditions.  There is NO
warranty; not even for MERCHANTABILITY or FITNESS FOR A PARTICULAR PURPOSE.

configure:3307: $? = 0
configure:3296: gcc -v >&5
Using built-in specs.
Target: i686-apple-darwin11
Configured with: /private/var/tmp/llvmgcc42/llvmgcc42-2335.15~25/src/configure --disable-checking --enable-werror --prefix=/Developer/usr/llvm-gcc-4.2 --mandir=/share/man --enable-languages=c,objc,c++,obj-c++ --program-prefix=llvm- --program-transform-name=/^[cg][^.-]*$/s/$/-4.2/ --with-slibdir=/usr/lib --build=i686-apple-darwin11 --enable-llvm=/private/var/tmp/llvmgcc42/llvmgcc42-2335.15~25/dst-llvmCore/Developer/usr/local --program-prefix=i686-apple-darwin11- --host=x86_64-apple-darwin11 --target=i686-apple-darwin11 --with-gxx-include-dir=/usr/include/c++/4.2.1
Thread model: posix
gcc version 4.2.1 (Based on Apple Inc. build 5658) (LLVM build 2335.15.00)
configure:3307: $? = 0
configure:3296: gcc -V >&5
llvm-gcc-4.2: argument to `-V' is missing
configure:3307: $? = 1
configure:3296: gcc -qversion >&5
i686-apple-darwin11-llvm-gcc-4.2: no input files
configure:3307: $? = 1
configure:3327: checking whether the C compiler works
configure:3349: gcc    conftest.c  >&5
configure:3353: $? = 0
configure:3401: result: yes
configure:3404: checking for C compiler default output file name
configure:3406: result: a.out
configure:3412: checking for suffix of executables
configure:3419: gcc -o conftest    conftest.c  >&5
configure:3423: $? = 0
configure:3445: result: 
configure:3467: checking whether we are cross compiling
configure:3475: gcc -o conftest    conftest.c  >&5
configure:3479: $? = 0
configure:3486: ./conftest
configure:3490: $? = 0
configure:3505: result: no
configure:3510: checking for suffix of object files
configure:3532: gcc -c   conftest.c >&5
configure:3536: $? = 0
configure:3557: result: o
configure:3561: checking whether we are using the GNU C compiler
configure:3580: gcc -c   conftest.c >&5
configure:3580: $? = 0
configure:3589: result: yes
configure:3598: checking whether gcc accepts -g
configure:3618: gcc -c -g  conftest.c >&5
configure:3618: $? = 0
configure:3659: result: yes
configure:3676: checking for gcc option to accept ISO C89
configure:3740: gcc  -c -g -O2  conftest.c >&5
configure:3740: $? = 0
configure:3753: result: none needed
configure:3775: checking dependency style of gcc
configure:3866: result: gcc3
configure:3881: checking for a sed that does not truncate output
configure:3945: result: /usr/bin/sed
configure:3963: checking for grep that handles long lines and -e
configure:4021: result: /usr/bin/grep
configure:4026: checking for egrep
configure:4088: result: /usr/bin/grep -E
configure:4093: checking for fgrep
configure:4155: result: /usr/bin/grep -F
configure:4190: checking for ld used by gcc
configure:4257: result: /usr/llvm-gcc-4.2/libexec/gcc/i686-apple-darwin11/4.2.1/ld
configure:4264: checking if the linker (/usr/llvm-gcc-4.2/libexec/gcc/i686-apple-darwin11/4.2.1/ld) is GNU ld
configure:4279: result: no
configure:4291: checking for BSD- or MS-compatible name lister (nm)
configure:4340: result: /usr/bin/nm
configure:4458: checking the name lister (/usr/bin/nm) interface
configure:4465: gcc -c -g -O2  conftest.c >&5
configure:4468: /usr/bin/nm "conftest.o"
configure:4471: output
00000000000001a4 S _some_variable
configure:4478: result: BSD nm
configure:4481: checking whether ln -s works
configure:4485: result: yes
configure:4493: checking the maximum length of command line arguments
configure:4613: result: 196608
configure:4630: checking whether the shell understands some XSI constructs
configure:4640: result: yes
configure:4644: checking whether the shell understands "+="
configure:4650: result: yes
configure:4685: checking for /usr/llvm-gcc-4.2/libexec/gcc/i686-apple-darwin11/4.2.1/ld option to reload object files
configure:4692: result: -r
configure:4761: checking for objdump
configure:4791: result: no
configure:4820: checking how to recognize dependent libraries
configure:5016: result: pass_all
configure:5076: checking for ar
configure:5092: found /usr/bin/ar
configure:5103: result: ar
configure:5181: checking for strip
configure:5197: found /usr/bin/strip
configure:5208: result: strip
configure:5280: checking for ranlib
configure:5296: found /usr/bin/ranlib
configure:5307: result: ranlib
configure:5397: checking command to parse /usr/bin/nm output from gcc object
configure:5515: gcc -c -g -O2  conftest.c >&5
configure:5518: $? = 0
configure:5522: /usr/bin/nm conftest.o \| sed -n -e 's/^.*[	 ]\([BCDEGRST][BCDEGRST]*\)[	 ][	 ]*\([_A-Za-z][_A-Za-z0-9]*\)$/\1 \2 \2/p' \> conftest.nm
configure:5525: $? = 0
cannot find nm_test_var in conftest.nm
configure:5515: gcc -c -g -O2  conftest.c >&5
configure:5518: $? = 0
configure:5522: /usr/bin/nm conftest.o \| sed -n -e 's/^.*[	 ]\([BCDEGRST][BCDEGRST]*\)[	 ][	 ]*_\([_A-Za-z][_A-Za-z0-9]*\)$/\1 _\2 \2/p' \> conftest.nm
configure:5525: $? = 0
configure:5579: gcc -o conftest -g -O2   conftest.c conftstm.o >&5
configure:5582: $? = 0
configure:5620: result: ok
configure:5885: checking for dsymutil
configure:5901: found /usr/bin/dsymutil
configure:5912: result: dsymutil
configure:5977: checking for nmedit
configure:5993: found /usr/bin/nmedit
configure:6004: result: nmedit
configure:6069: checking for lipo
configure:6085: found /usr/bin/lipo
configure:6096: result: lipo
configure:6161: checking for otool
configure:6177: found /usr/bin/otool
configure:6188: result: otool
configure:6253: checking for otool64
configure:6283: result: no
configure:6328: checking for -single_module linker flag
gcc -g -O2  -o libconftest.dylib -dynamiclib -Wl,-single_module conftest.c
configure:6355: result: yes
configure:6357: checking for -exported_symbols_list linker flag
configure:6377: gcc -o conftest -g -O2   -Wl,-exported_symbols_list,conftest.sym conftest.c  >&5
configure:6377: $? = 0
configure:6387: result: yes
configure:6429: checking how to run the C preprocessor
configure:6460: gcc -E  conftest.c
configure:6460: $? = 0
configure:6474: gcc -E  conftest.c
conftest.c:11:28: error: ac_nonexistent.h: No such file or directory
configure:6474: $? = 1
configure: failed program was:
| /* confdefs.h */
| #define PACKAGE_NAME "concordance"
| #define PACKAGE_TARNAME "concordance"
| #define PACKAGE_VERSION "0.23"
| #define PACKAGE_STRING "concordance 0.23"
| #define PACKAGE_BUGREPORT "bug-automake@gnu.org"
| #define PACKAGE_URL ""
| #define PACKAGE "concordance"
| #define VERSION "0.23"
| /* end confdefs.h.  */
| #include <ac_nonexistent.h>
configure:6499: result: gcc -E
configure:6519: gcc -E  conftest.c
configure:6519: $? = 0
configure:6533: gcc -E  conftest.c
conftest.c:11:28: error: ac_nonexistent.h: No such file or directory
configure:6533: $? = 1
configure: failed program was:
| /* confdefs.h */
| #define PACKAGE_NAME "concordance"
| #define PACKAGE_TARNAME "concordance"
| #define PACKAGE_VERSION "0.23"
| #define PACKAGE_STRING "concordance 0.23"
| #define PACKAGE_BUGREPORT "bug-automake@gnu.org"
| #define PACKAGE_URL ""
| #define PACKAGE "concordance"
| #define VERSION "0.23"
| /* end confdefs.h.  */
| #include <ac_nonexistent.h>
configure:6562: checking for ANSI C header files
configure:6582: gcc -c -g -O2  conftest.c >&5
configure:6582: $? = 0
configure:6655: gcc -o conftest -g -O2   conftest.c  >&5
configure:6655: $? = 0
configure:6655: ./conftest
configure:6655: $? = 0
configure:6666: result: yes
configure:6679: checking for sys/types.h
configure:6679: gcc -c -g -O2  conftest.c >&5
configure:6679: $? = 0
configure:6679: result: yes
configure:6679: checking for sys/stat.h
configure:6679: gcc -c -g -O2  conftest.c >&5
configure:6679: $? = 0
configure:6679: result: yes
configure:6679: checking for stdlib.h
configure:6679: gcc -c -g -O2  conftest.c >&5
configure:6679: $? = 0
configure:6679: result: yes
configure:6679: checking for string.h
configure:6679: gcc -c -g -O2  conftest.c >&5
configure:6679: $? = 0
configure:6679: result: yes
configure:6679: checking for memory.h
configure:6679: gcc -c -g -O2  conftest.c >&5
configure:6679: $? = 0
configure:6679: result: yes
configure:6679: checking for strings.h
configure:6679: gcc -c -g -O2  conftest.c >&5
configure:6679: $? = 0
configure:6679: result: yes
configure:6679: checking for inttypes.h
configure:6679: gcc -c -g -O2  conftest.c >&5
configure:6679: $? = 0
configure:6679: result: yes
configure:6679: checking for stdint.h
configure:6679: gcc -c -g -O2  conftest.c >&5
configure:6679: $? = 0
configure:6679: result: yes
configure:6679: checking for unistd.h
configure:6679: gcc -c -g -O2  conftest.c >&5
configure:6679: $? = 0
configure:6679: result: yes
configure:6693: checking for dlfcn.h
configure:6693: gcc -c -g -O2  conftest.c >&5
configure:6693: $? = 0
configure:6693: result: yes
configure:6877: checking for objdir
configure:6892: result: .libs
configure:7188: checking if gcc supports -fno-rtti -fno-exceptions
configure:7206: gcc -c -g -O2  -fno-rtti -fno-exceptions conftest.c >&5
cc1: warning: command line option "-fno-rtti" is valid for C++/ObjC++ but not for C
configure:7210: $? = 0
configure:7223: result: no
configure:7243: checking for gcc option to produce PIC
configure:7515: result: -fno-common -DPIC
configure:7527: checking if gcc PIC flag -fno-common -DPIC works
configure:7545: gcc -c -g -O2  -fno-common -DPIC -DPIC conftest.c >&5
configure:7549: $? = 0
configure:7562: result: yes
configure:7586: checking if gcc static flag -static works
configure:7614: result: no
configure:7629: checking if gcc supports -c -o file.o
configure:7650: gcc -c -g -O2  -o out/conftest2.o conftest.c >&5
configure:7654: $? = 0
configure:7676: result: yes
configure:7684: checking if gcc supports -c -o file.o
configure:7731: result: yes
configure:7764: checking whether the gcc linker (/usr/llvm-gcc-4.2/libexec/gcc/i686-apple-darwin11/4.2.1/ld) supports shared libraries
configure:8755: result: yes
configure:8994: checking dynamic linker characteristics
configure:9657: result: darwin11.1.0 dyld
configure:9759: checking how to hardcode library paths into programs
configure:9784: result: immediate
configure:10304: checking whether stripping libraries is possible
configure:10318: result: yes
configure:10344: checking if libtool supports shared libraries
configure:10346: result: yes
configure:10349: checking whether to build shared libraries
configure:10370: result: yes
configure:10373: checking whether to build static libraries
configure:10377: result: yes
configure:10470: checking for g++
configure:10486: found /usr/bin/g++
configure:10497: result: g++
configure:10524: checking for C++ compiler version
configure:10533: g++ --version >&5
i686-apple-darwin11-llvm-g++-4.2 (GCC) 4.2.1 (Based on Apple Inc. build 5658) (LLVM build 2335.15.00)
Copyright (C) 2007 Free Software Foundation, Inc.
This is free software; see the source for copying conditions.  There is NO
warranty; not even for MERCHANTABILITY or FITNESS FOR A PARTICULAR PURPOSE.

configure:10544: $? = 0
configure:10533: g++ -v >&5
Using built-in specs.
Target: i686-apple-darwin11
Configured with: /private/var/tmp/llvmgcc42/llvmgcc42-2335.15~25/src/configure --disable-checking --enable-werror --prefix=/Developer/usr/llvm-gcc-4.2 --mandir=/share/man --enable-languages=c,objc,c++,obj-c++ --program-prefix=llvm- --program-transform-name=/^[cg][^.-]*$/s/$/-4.2/ --with-slibdir=/usr/lib --build=i686-apple-darwin11 --enable-llvm=/private/var/tmp/llvmgcc42/llvmgcc42-2335.15~25/dst-llvmCore/Developer/usr/local --program-prefix=i686-apple-darwin11- --host=x86_64-apple-darwin11 --target=i686-apple-darwin11 --with-gxx-include-dir=/usr/include/c++/4.2.1
Thread model: posix
gcc version 4.2.1 (Based on Apple Inc. build 5658) (LLVM build 2335.15.00)
configure:10544: $? = 0
configure:10533: g++ -V >&5
llvm-g++-4.2: argument to `-V' is missing
configure:10544: $? = 1
configure:10533: g++ -qversion >&5
i686-apple-darwin11-llvm-g++-4.2: no input files
configure:10544: $? = 1
configure:10548: checking whether we are using the GNU C++ compiler
configure:10567: g++ -c   conftest.cpp >&5
configure:10567: $? = 0
configure:10576: result: yes
configure:10585: checking whether g++ accepts -g
configure:10605: g++ -c -g  conftest.cpp >&5
configure:10605: $? = 0
configure:10646: result: yes
configure:10671: checking dependency style of g++
configure:10762: result: gcc3
configure:10890: checking for C++ compiler version
configure:10899: g++ --version >&5
i686-apple-darwin11-llvm-g++-4.2 (GCC) 4.2.1 (Based on Apple Inc. build 5658) (LLVM build 2335.15.00)
Copyright (C) 2007 Free Software Foundation, Inc.
This is free software; see the source for copying conditions.  There is NO
warranty; not even for MERCHANTABILITY or FITNESS FOR A PARTICULAR PURPOSE.

configure:10910: $? = 0
configure:10899: g++ -v >&5
Using built-in specs.
Target: i686-apple-darwin11
Configured with: /private/var/tmp/llvmgcc42/llvmgcc42-2335.15~25/src/configure --disable-checking --enable-werror --prefix=/Developer/usr/llvm-gcc-4.2 --mandir=/share/man --enable-languages=c,objc,c++,obj-c++ --program-prefix=llvm- --program-transform-name=/^[cg][^.-]*$/s/$/-4.2/ --with-slibdir=/usr/lib --build=i686-apple-darwin11 --enable-llvm=/private/var/tmp/llvmgcc42/llvmgcc42-2335.15~25/dst-llvmCore/Developer/usr/local --program-prefix=i686-apple-darwin11- --host=x86_64-apple-darwin11 --target=i686-apple-darwin11 --with-gxx-include-dir=/usr/include/c++/4.2.1
Thread model: posix
gcc version 4.2.1 (Based on Apple Inc. build 5658) (LLVM build 2335.15.00)
configure:10910: $? = 0
configure:10899: g++ -V >&5
llvm-g++-4.2: argument to `-V' is missing
configure:10910: $? = 1
configure:10899: g++ -qversion >&5
i686-apple-darwin11-llvm-g++-4.2: no input files
configure:10910: $? = 1
configure:10914: checking whether we are using the GNU C++ compiler
configure:10942: result: yes
configure:10951: checking whether g++ accepts -g
configure:11012: result: yes
configure:11037: checking dependency style of g++
configure:11128: result: gcc3
configure:11151: checking how to run the C++ preprocessor
configure:11178: g++ -E  conftest.cpp
configure:11178: $? = 0
configure:11192: g++ -E  conftest.cpp
conftest.cpp:23:28: error: ac_nonexistent.h: No such file or directory
configure:11192: $? = 1
configure: failed program was:
| /* confdefs.h */
| #define PACKAGE_NAME "concordance"
| #define PACKAGE_TARNAME "concordance"
| #define PACKAGE_VERSION "0.23"
| #define PACKAGE_STRING "concordance 0.23"
| #define PACKAGE_BUGREPORT "bug-automake@gnu.org"
| #define PACKAGE_URL ""
| #define PACKAGE "concordance"
| #define VERSION "0.23"
| #define STDC_HEADERS 1
| #define HAVE_SYS_TYPES_H 1
| #define HAVE_SYS_STAT_H 1
| #define HAVE_STDLIB_H 1
| #define HAVE_STRING_H 1
| #define HAVE_MEMORY_H 1
| #define HAVE_STRINGS_H 1
| #define HAVE_INTTYPES_H 1
| #define HAVE_STDINT_H 1
| #define HAVE_UNISTD_H 1
| #define HAVE_DLFCN_H 1
| #define LT_OBJDIR ".libs/"
| /* end confdefs.h.  */
| #include <ac_nonexistent.h>
configure:11217: result: g++ -E
configure:11237: g++ -E  conftest.cpp
configure:11237: $? = 0
configure:11251: g++ -E  conftest.cpp
conftest.cpp:23:28: error: ac_nonexistent.h: No such file or directory
configure:11251: $? = 1
configure: failed program was:
| /* confdefs.h */
| #define PACKAGE_NAME "concordance"
| #define PACKAGE_TARNAME "concordance"
| #define PACKAGE_VERSION "0.23"
| #define PACKAGE_STRING "concordance 0.23"
| #define PACKAGE_BUGREPORT "bug-automake@gnu.org"
| #define PACKAGE_URL ""
| #define PACKAGE "concordance"
| #define VERSION "0.23"
| #define STDC_HEADERS 1
| #define HAVE_SYS_TYPES_H 1
| #define HAVE_SYS_STAT_H 1
| #define HAVE_STDLIB_H 1
| #define HAVE_STRING_H 1
| #define HAVE_MEMORY_H 1
| #define HAVE_STRINGS_H 1
| #define HAVE_INTTYPES_H 1
| #define HAVE_STDINT_H 1
| #define HAVE_UNISTD_H 1
| #define HAVE_DLFCN_H 1
| #define LT_OBJDIR ".libs/"
| /* end confdefs.h.  */
| #include <ac_nonexistent.h>
configure:11419: checking for ld used by g++
configure:11486: result: /usr/llvm-gcc-4.2/libexec/gcc/i686-apple-darwin11/4.2.1/ld
configure:11493: checking if the linker (/usr/llvm-gcc-4.2/libexec/gcc/i686-apple-darwin11/4.2.1/ld) is GNU ld
configure:11508: result: no
configure:11563: checking whether the g++ linker (/usr/llvm-gcc-4.2/libexec/gcc/i686-apple-darwin11/4.2.1/ld) supports shared libraries
configure:12476: result: yes
configure:12504: g++ -c -g -O2  conftest.cpp >&5
configure:12507: $? = 0
configure:12689: checking for g++ option to produce PIC
configure:13006: result: -fno-common -DPIC
configure:13015: checking if g++ PIC flag -fno-common -DPIC works
configure:13033: g++ -c -g -O2  -fno-common -DPIC -DPIC conftest.cpp >&5
configure:13037: $? = 0
configure:13050: result: yes
configure:13071: checking if g++ static flag -static works
configure:13099: result: no
configure:13111: checking if g++ supports -c -o file.o
configure:13132: g++ -c -g -O2  -o out/conftest2.o conftest.cpp >&5
configure:13136: $? = 0
configure:13158: result: yes
configure:13163: checking if g++ supports -c -o file.o
configure:13210: result: yes
configure:13240: checking whether the g++ linker (/usr/llvm-gcc-4.2/libexec/gcc/i686-apple-darwin11/4.2.1/ld) supports shared libraries
configure:13269: result: yes
configure:13406: checking dynamic linker characteristics
configure:14017: result: darwin11.1.0 dyld
configure:14068: checking how to hardcode library paths into programs
configure:14093: result: immediate
configure:14255: creating ./config.status

## ---------------------- ##
## Running config.status. ##
## ---------------------- ##

This file was extended by concordance config.status 0.23, which was
generated by GNU Autoconf 2.67.  Invocation command line was

  CONFIG_FILES    = 
  CONFIG_HEADERS  = 
  CONFIG_LINKS    = 
  CONFIG_COMMANDS = 
  $ ./config.status 

on Dougs-Mac-Pro.local

config.status:1125: creating Makefile
config.status:1125: creating config.h
config.status:1353: executing depfiles commands
config.status:1353: executing libtool commands

## ---------------- ##
## Cache variables. ##
## ---------------- ##

ac_cv_build=x86_64-apple-darwin11.1.0
ac_cv_c_compiler_gnu=yes
ac_cv_cxx_compiler_gnu=yes
ac_cv_env_CCC_set=
ac_cv_env_CCC_value=
ac_cv_env_CC_set=
ac_cv_env_CC_value=
ac_cv_env_CFLAGS_set=
ac_cv_env_CFLAGS_value=
ac_cv_env_CPPFLAGS_set=
ac_cv_env_CPPFLAGS_value=
ac_cv_env_CPP_set=
ac_cv_env_CPP_value=
ac_cv_env_CXXCPP_set=
ac_cv_env_CXXCPP_value=
ac_cv_env_CXXFLAGS_set=
ac_cv_env_CXXFLAGS_value=
ac_cv_env_CXX_set=
ac_cv_env_CXX_value=
ac_cv_env_LDFLAGS_set=
ac_cv_env_LDFLAGS_value=
ac_cv_env_LIBS_set=
ac_cv_env_LIBS_value=
ac_cv_env_build_alias_set=
ac_cv_env_build_alias_value=
ac_cv_env_host_alias_set=
ac_cv_env_host_alias_value=
ac_cv_env_target_alias_set=
ac_cv_env_target_alias_value=
ac_cv_header_dlfcn_h=yes
ac_cv_header_inttypes_h=yes
ac_cv_header_memory_h=yes
ac_cv_header_stdc=yes
ac_cv_header_stdint_h=yes
ac_cv_header_stdlib_h=yes
ac_cv_header_string_h=yes
ac_cv_header_strings_h=yes
ac_cv_header_sys_stat_h=yes
ac_cv_header_sys_types_h=yes
ac_cv_header_unistd_h=yes
ac_cv_host=x86_64-apple-darwin11.1.0
ac_cv_objext=o
ac_cv_path_EGREP='/usr/bin/grep -E'
ac_cv_path_FGREP='/usr/bin/grep -F'
ac_cv_path_GREP=/usr/bin/grep
ac_cv_path_SED=/usr/bin/sed
ac_cv_path_install='/usr/bin/install -c'
ac_cv_prog_AWK=awk
ac_cv_prog_CPP='gcc -E'
ac_cv_prog_CXXCPP='g++ -E'
ac_cv_prog_ac_ct_AR=ar
ac_cv_prog_ac_ct_CC=gcc
ac_cv_prog_ac_ct_CXX=g++
ac_cv_prog_ac_ct_DSYMUTIL=dsymutil
ac_cv_prog_ac_ct_LIPO=lipo
ac_cv_prog_ac_ct_NMEDIT=nmedit
ac_cv_prog_ac_ct_OTOOL=otool
ac_cv_prog_ac_ct_RANLIB=ranlib
ac_cv_prog_ac_ct_STRIP=strip
ac_cv_prog_cc_c89=
ac_cv_prog_cc_g=yes
ac_cv_prog_cxx_g=yes
ac_cv_prog_make_make_set=yes
am_cv_CC_dependencies_compiler_type=gcc3
am_cv_CXX_dependencies_compiler_type=gcc3
lt_cv_apple_cc_single_mod=yes
lt_cv_deplibs_check_method=pass_all
lt_cv_file_magic_cmd='$MAGIC_CMD'
lt_cv_file_magic_test_file=
lt_cv_ld_exported_symbols_list=yes
lt_cv_ld_reload_flag=-r
lt_cv_nm_interface='BSD nm'
lt_cv_objdir=.libs
lt_cv_path_LD=/usr/llvm-gcc-4.2/libexec/gcc/i686-apple-darwin11/4.2.1/ld
lt_cv_path_LDCXX=/usr/llvm-gcc-4.2/libexec/gcc/i686-apple-darwin11/4.2.1/ld
lt_cv_path_NM=/usr/bin/nm
lt_cv_prog_compiler_c_o=yes
lt_cv_prog_compiler_c_o_CXX=yes
lt_cv_prog_compiler_pic_works=yes
lt_cv_prog_compiler_pic_works_CXX=yes
lt_cv_prog_compiler_rtti_exceptions=no
lt_cv_prog_compiler_static_works=no
lt_cv_prog_compiler_static_works_CXX=no
lt_cv_prog_gnu_ld=no
lt_cv_prog_gnu_ldcxx=no
lt_cv_sys_global_symbol_pipe='sed -n -e '\''s/^.*[	 ]\([BCDEGRST][BCDEGRST]*\)[	 ][	 ]*_\([_A-Za-z][_A-Za-z0-9]*\)$/\1 _\2 \2/p'\'''
lt_cv_sys_global_symbol_to_c_name_address='sed -n -e '\''s/^: \([^ ]*\) $/  {\"\1\", (void *) 0},/p'\'' -e '\''s/^[BCDEGRST]* \([^ ]*\) \([^ ]*\)$/  {"\2", (void *) \&\2},/p'\'''
lt_cv_sys_global_symbol_to_c_name_address_lib_prefix='sed -n -e '\''s/^: \([^ ]*\) $/  {\"\1\", (void *) 0},/p'\'' -e '\''s/^[BCDEGRST]* \([^ ]*\) \(lib[^ ]*\)$/  {"\2", (void *) \&\2},/p'\'' -e '\''s/^[BCDEGRST]* \([^ ]*\) \([^ ]*\)$/  {"lib\2", (void *) \&\2},/p'\'''
lt_cv_sys_global_symbol_to_cdecl='sed -n -e '\''s/^T .* \(.*\)$/extern int \1();/p'\'' -e '\''s/^[BCDEGRST]* .* \(.*\)$/extern char \1;/p'\'''
lt_cv_sys_max_cmd_len=196608

## ----------------- ##
## Output variables. ##
## ----------------- ##

ACLOCAL='${SHELL} /Users/doug/dev/concordance-0.23/concordance/missing --run aclocal-1.10'
AMDEPBACKSLASH='\'
AMDEP_FALSE='#'
AMDEP_TRUE=''
AMTAR='${SHELL} /Users/doug/dev/concordance-0.23/concordance/missing --run tar'
AR='ar'
AUTOCONF='${SHELL} /Users/doug/dev/concordance-0.23/concordance/missing --run autoconf'
AUTOHEADER='${SHELL} /Users/doug/dev/concordance-0.23/concordance/missing --run autoheader'
AUTOMAKE='${SHELL} /Users/doug/dev/concordance-0.23/concordance/missing --run automake-1.10'
AWK='awk'
CC='gcc'
CCDEPMODE='depmode=gcc3'
CFLAGS='-g -O2'
CPP='gcc -E'
CPPFLAGS=''
CXX='g++'
CXXCPP='g++ -E'
CXXDEPMODE='depmode=gcc3'
CXXFLAGS='-g -O2'
CYGPATH_W='echo'
DEFS='-DHAVE_CONFIG_H'
DEPDIR='.deps'
DSYMUTIL='dsymutil'
DUMPBIN=''
ECHO_C='\c'
ECHO_N=''
ECHO_T=''
EGREP='/usr/bin/grep -E'
EXEEXT=''
FGREP='/usr/bin/grep -F'
GREP='/usr/bin/grep'
INSTALL_DATA='${INSTALL} -m 644'
INSTALL_PROGRAM='${INSTALL}'
INSTALL_SCRIPT='${INSTALL}'
INSTALL_STRIP_PROGRAM='$(install_sh) -c -s'
LD='/usr/llvm-gcc-4.2/libexec/gcc/i686-apple-darwin11/4.2.1/ld'
LDFLAGS=''
LIBOBJS=''
LIBS=''
LIBTOOL='$(SHELL) $(top_builddir)/libtool'
LIPO='lipo'
LN_S='ln -s'
LTLIBOBJS=''
MAKEINFO='${SHELL} /Users/doug/dev/concordance-0.23/concordance/missing --run makeinfo'
MKDIR_P='./install-sh -c -d'
NM='/usr/bin/nm'
NMEDIT='nmedit'
OBJDUMP='false'
OBJEXT='o'
OTOOL64=':'
OTOOL='otool'
PACKAGE='concordance'
PACKAGE_BUGREPORT='bug-automake@gnu.org'
PACKAGE_NAME='concordance'
PACKAGE_STRING='concordance 0.23'
PACKAGE_TARNAME='concordance'
PACKAGE_URL=''
PACKAGE_VERSION='0.23'
PATH_SEPARATOR=':'
RANLIB='ranlib'
SED='/usr/bin/sed'
SET_MAKE=''
SHELL='/bin/sh'
STRIP='strip'
VERSION='0.23'
ac_ct_CC='gcc'
ac_ct_CXX='g++'
ac_ct_DUMPBIN=''
am__fastdepCC_FALSE='#'
am__fastdepCC_TRUE=''
am__fastdepCXX_FALSE='#'
am__fastdepCXX_TRUE=''
am__include='include'
am__isrc=''
am__leading_dot='.'
am__quote=''
am__tar='${AMTAR} chof - "$$tardir"'
am__untar='${AMTAR} xf -'
bindir='${exec_prefix}/bin'
build='x86_64-apple-darwin11.1.0'
build_alias=''
build_cpu='x86_64'
build_os='darwin11.1.0'
build_vendor='apple'
datadir='${datarootdir}'
datarootdir='${prefix}/share'
docdir='${datarootdir}/doc/${PACKAGE_TARNAME}'
dvidir='${docdir}'
exec_prefix='${prefix}'
host='x86_64-apple-darwin11.1.0'
host_alias=''
host_cpu='x86_64'
host_os='darwin11.1.0'
host_vendor='apple'
htmldir='${docdir}'
includedir='${prefix}/include'
infodir='${datarootdir}/info'
install_sh='$(SHELL) /Users/doug/dev/concordance-0.23/concordance/install-sh'
libdir='${exec_prefix}/lib'
libexecdir='${exec_prefix}/libexec'
localedir='${datarootdir}/locale'
localstatedir='${prefix}/var'
lt_ECHO='/bin/echo'
mandir='${datarootdir}/man'
mkdir_p='$(top_builddir)/./install-sh -c -d'
oldincludedir='/usr/include'
pdfdir='${docdir}'
prefix='/usr/local'
program_transform_name='s,x,x,'
psdir='${docdir}'
sbindir='${exec_prefix}/sbin'
sharedstatedir='${prefix}/com'
sysconfdir='${prefix}/etc'
target_alias=''

## ----------- ##
## confdefs.h. ##
## ----------- ##

/* confdefs.h */
#define PACKAGE_NAME "concordance"
#define PACKAGE_TARNAME "concordance"
#define PACKAGE_VERSION "0.23"
#define PACKAGE_STRING "concordance 0.23"
#define PACKAGE_BUGREPORT "bug-automake@gnu.org"
#define PACKAGE_URL ""
#define PACKAGE "concordance"
#define VERSION "0.23"
#define STDC_HEADERS 1
#define HAVE_SYS_TYPES_H 1
#define HAVE_SYS_STAT_H 1
#define HAVE_STDLIB_H 1
#define HAVE_STRING_H 1
#define HAVE_MEMORY_H 1
#define HAVE_STRINGS_H 1
#define HAVE_INTTYPES_H 1
#define HAVE_STDINT_H 1
#define HAVE_UNISTD_H 1
#define HAVE_DLFCN_H 1
#define LT_OBJDIR ".libs/"

configure: exit 0
