This file contains any messages produced by compilers while
running configure, to aid debugging if configure makes a mistake.

It was created by libconcord configure 0.23, which was
generated by GNU Autoconf 2.61.  Invocation command line was

  $ ./configure --no-create --no-recursion

## --------- ##
## Platform. ##
## --------- ##

hostname = Dougs-Mac-Pro.local
uname -m = x86_64
uname -r = 11.1.0
uname -s = Darwin
uname -v = Darwin Kernel Version 11.1.0: Tue Jul 26 16:07:11 PDT 2011; root:xnu-1699.22.81~1/RELEASE_X86_64

/usr/bin/uname -p = i386
/bin/uname -X     = unknown

/bin/arch              = unknown
/usr/bin/arch -k       = unknown
/usr/convex/getsysinfo = unknown
/usr/bin/hostinfo      = Mach kernel version:
	 Darwin Kernel Version 11.1.0: Tue Jul 26 16:07:11 PDT 2011; root:xnu-1699.22.81~1/RELEASE_X86_64
Kernel configured for up to 8 processors.
8 processors are physically available.
8 processors are logically available.
Processor type: i486 (Intel 80486)
Processors active: 0 1 2 3 4 5 6 7
Primary memory available: 6.00 gigabytes
Default processor set: 99 tasks, 466 threads, 8 processors
Load average: 2.62, Mach factor: 5.37
/bin/machine           = unknown
/usr/bin/oslevel       = unknown
/bin/universe          = unknown

PATH: /opt/local/bin
PATH: /opt/local/sbin
PATH: /usr/bin
PATH: /bin
PATH: /usr/sbin
PATH: /sbin
PATH: /usr/local/bin
PATH: /usr/X11/bin
PATH: /Users/doug/bin
PATH: /opt/mt/bin


## ----------- ##
## Core tests. ##
## ----------- ##

configure:1846: checking for a BSD-compatible install
configure:1902: result: /usr/bin/install -c
configure:1913: checking whether build environment is sane
configure:1956: result: yes
configure:1984: checking for a thread-safe mkdir -p
configure:2023: result: ./install-sh -c -d
configure:2036: checking for gawk
configure:2066: result: no
configure:2036: checking for mawk
configure:2066: result: no
configure:2036: checking for nawk
configure:2066: result: no
configure:2036: checking for awk
configure:2052: found /usr/bin/awk
configure:2063: result: awk
configure:2074: checking whether make sets $(MAKE)
configure:2095: result: yes
configure:2315: checking build system type
configure:2333: result: x86_64-apple-darwin11.1.0
configure:2355: checking host system type
configure:2370: result: x86_64-apple-darwin11.1.0
configure:2413: checking how to print strings
configure:2440: result: printf
configure:2473: checking for style of include used by make
configure:2501: result: GNU
configure:2571: checking for gcc
configure:2587: found /usr/bin/gcc
configure:2598: result: gcc
configure:2836: checking for C compiler version
configure:2843: gcc --version >&5
i686-apple-darwin11-llvm-gcc-4.2 (GCC) 4.2.1 (Based on Apple Inc. build 5658) (LLVM build 2335.15.00)
Copyright (C) 2007 Free Software Foundation, Inc.
This is free software; see the source for copying conditions.  There is NO
warranty; not even for MERCHANTABILITY or FITNESS FOR A PARTICULAR PURPOSE.

configure:2846: $? = 0
configure:2853: gcc -v >&5
Using built-in specs.
Target: i686-apple-darwin11
Configured with: /private/var/tmp/llvmgcc42/llvmgcc42-2335.15~25/src/configure --disable-checking --enable-werror --prefix=/Developer/usr/llvm-gcc-4.2 --mandir=/share/man --enable-languages=c,objc,c++,obj-c++ --program-prefix=llvm- --program-transform-name=/^[cg][^.-]*$/s/$/-4.2/ --with-slibdir=/usr/lib --build=i686-apple-darwin11 --enable-llvm=/private/var/tmp/llvmgcc42/llvmgcc42-2335.15~25/dst-llvmCore/Developer/usr/local --program-prefix=i686-apple-darwin11- --host=x86_64-apple-darwin11 --target=i686-apple-darwin11 --with-gxx-include-dir=/usr/include/c++/4.2.1
Thread model: posix
gcc version 4.2.1 (Based on Apple Inc. build 5658) (LLVM build 2335.15.00)
configure:2856: $? = 0
configure:2863: gcc -V >&5
llvm-gcc-4.2: argument to `-V' is missing
configure:2866: $? = 1
configure:2889: checking for C compiler default output file name
configure:2916: gcc    conftest.c  >&5
configure:2919: $? = 0
configure:2957: result: a.out
configure:2974: checking whether the C compiler works
configure:2984: ./a.out
configure:2987: $? = 0
configure:3004: result: yes
configure:3011: checking whether we are cross compiling
configure:3013: result: no
configure:3016: checking for suffix of executables
configure:3023: gcc -o conftest    conftest.c  >&5
configure:3026: $? = 0
configure:3050: result: 
configure:3056: checking for suffix of object files
configure:3082: gcc -c   conftest.c >&5
configure:3085: $? = 0
configure:3108: result: o
configure:3112: checking whether we are using the GNU C compiler
configure:3141: gcc -c   conftest.c >&5
configure:3147: $? = 0
configure:3164: result: yes
configure:3169: checking whether gcc accepts -g
configure:3199: gcc -c -g  conftest.c >&5
configure:3205: $? = 0
configure:3304: result: yes
configure:3321: checking for gcc option to accept ISO C89
configure:3395: gcc  -c -g -O2  conftest.c >&5
configure:3401: $? = 0
configure:3424: result: none needed
configure:3444: checking dependency style of gcc
configure:3535: result: gcc3
configure:3550: checking for a sed that does not truncate output
configure:3629: result: /usr/bin/sed
configure:3647: checking for grep that handles long lines and -e
configure:3721: result: /usr/bin/grep
configure:3726: checking for egrep
configure:3804: result: /usr/bin/grep -E
configure:3809: checking for fgrep
configure:3887: result: /usr/bin/grep -F
configure:3922: checking for ld used by gcc
configure:3989: result: /usr/llvm-gcc-4.2/libexec/gcc/i686-apple-darwin11/4.2.1/ld
configure:3998: checking if the linker (/usr/llvm-gcc-4.2/libexec/gcc/i686-apple-darwin11/4.2.1/ld) is GNU ld
configure:4013: result: no
configure:4025: checking for BSD- or MS-compatible name lister (nm)
configure:4074: result: /usr/bin/nm
configure:4208: checking the name lister (/usr/bin/nm) interface
configure:4215: gcc -c -g -O2  conftest.c >&5
configure:4218: /usr/bin/nm "conftest.o"
configure:4221: output
00000000000001a4 S _some_variable
configure:4228: result: BSD nm
configure:4231: checking whether ln -s works
configure:4235: result: yes
configure:4243: checking the maximum length of command line arguments
configure:4368: result: 196608
configure:4385: checking whether the shell understands some XSI constructs
configure:4395: result: yes
configure:4399: checking whether the shell understands "+="
configure:4405: result: yes
configure:4440: checking for /usr/llvm-gcc-4.2/libexec/gcc/i686-apple-darwin11/4.2.1/ld option to reload object files
configure:4447: result: -r
configure:4516: checking for objdump
configure:4546: result: no
configure:4579: checking how to recognize dependent libraries
configure:4781: result: pass_all
configure:4841: checking for ar
configure:4857: found /usr/bin/ar
configure:4868: result: ar
configure:4950: checking for strip
configure:4966: found /usr/bin/strip
configure:4977: result: strip
configure:5053: checking for ranlib
configure:5069: found /usr/bin/ranlib
configure:5080: result: ranlib
configure:5186: checking command to parse /usr/bin/nm output from gcc object
configure:5304: gcc -c -g -O2  conftest.c >&5
configure:5307: $? = 0
configure:5311: /usr/bin/nm conftest.o \| sed -n -e 's/^.*[ ]\([BCDEGRST][BCDEGRST]*\)[ ][ ]*\([_A-Za-z][_A-Za-z0-9]*\)$/\1 \2 \2/p' \> conftest.nm
configure:5314: $? = 0
cannot find nm_test_var in conftest.nm
configure:5304: gcc -c -g -O2  conftest.c >&5
configure:5307: $? = 0
configure:5311: /usr/bin/nm conftest.o \| sed -n -e 's/^.*[ ]\([BCDEGRST][BCDEGRST]*\)[ ][ ]*_\([_A-Za-z][_A-Za-z0-9]*\)$/\1 _\2 \2/p' \> conftest.nm
configure:5314: $? = 0
configure:5368: gcc -o conftest -g -O2   conftest.c conftstm.o >&5
configure:5371: $? = 0
configure:5409: result: ok
configure:5699: checking for dsymutil
configure:5715: found /usr/bin/dsymutil
configure:5726: result: dsymutil
configure:5795: checking for nmedit
configure:5811: found /usr/bin/nmedit
configure:5822: result: nmedit
configure:5891: checking for lipo
configure:5907: found /usr/bin/lipo
configure:5918: result: lipo
configure:5987: checking for otool
configure:6003: found /usr/bin/otool
configure:6014: result: otool
configure:6083: checking for otool64
configure:6113: result: no
configure:6162: checking for -single_module linker flag
gcc -g -O2  -o libconftest.dylib -dynamiclib -Wl,-single_module conftest.c
configure:6189: result: yes
configure:6191: checking for -exported_symbols_list linker flag
configure:6221: gcc -o conftest -g -O2   -Wl,-exported_symbols_list,conftest.sym conftest.c  >&5
configure:6227: $? = 0
configure:6246: result: yes
configure:6248: checking for -force_load linker flag
gcc -g -O2 -c -o conftest.o conftest.c
ar cru libconftest.a conftest.o
ranlib libconftest.a
gcc -g -O2  -o conftest conftest.c -Wl,-force_load,./libconftest.a
configure:6278: result: yes
configure:6320: checking how to run the C preprocessor
configure:6360: gcc -E  conftest.c
configure:6366: $? = 0
configure:6397: gcc -E  conftest.c
conftest.c:10:28: error: ac_nonexistent.h: No such file or directory
configure:6403: $? = 1
configure: failed program was:
| /* confdefs.h.  */
| #define PACKAGE_NAME "libconcord"
| #define PACKAGE_TARNAME "libconcord"
| #define PACKAGE_VERSION "0.23"
| #define PACKAGE_STRING "libconcord 0.23"
| #define PACKAGE_BUGREPORT "bug-automake@gnu.org"
| #define PACKAGE "libconcord"
| #define VERSION "0.23"
| /* end confdefs.h.  */
| #include <ac_nonexistent.h>
configure:6436: result: gcc -E
configure:6465: gcc -E  conftest.c
configure:6471: $? = 0
configure:6502: gcc -E  conftest.c
conftest.c:10:28: error: ac_nonexistent.h: No such file or directory
configure:6508: $? = 1
configure: failed program was:
| /* confdefs.h.  */
| #define PACKAGE_NAME "libconcord"
| #define PACKAGE_TARNAME "libconcord"
| #define PACKAGE_VERSION "0.23"
| #define PACKAGE_STRING "libconcord 0.23"
| #define PACKAGE_BUGREPORT "bug-automake@gnu.org"
| #define PACKAGE "libconcord"
| #define VERSION "0.23"
| /* end confdefs.h.  */
| #include <ac_nonexistent.h>
configure:6546: checking for ANSI C header files
configure:6576: gcc -c -g -O2  conftest.c >&5
configure:6582: $? = 0
configure:6681: gcc -o conftest -g -O2   conftest.c  >&5
configure:6684: $? = 0
configure:6690: ./conftest
configure:6693: $? = 0
configure:6710: result: yes
configure:6734: checking for sys/types.h
configure:6755: gcc -c -g -O2  conftest.c >&5
configure:6761: $? = 0
configure:6777: result: yes
configure:6734: checking for sys/stat.h
configure:6755: gcc -c -g -O2  conftest.c >&5
configure:6761: $? = 0
configure:6777: result: yes
configure:6734: checking for stdlib.h
configure:6755: gcc -c -g -O2  conftest.c >&5
configure:6761: $? = 0
configure:6777: result: yes
configure:6734: checking for string.h
configure:6755: gcc -c -g -O2  conftest.c >&5
configure:6761: $? = 0
configure:6777: result: yes
configure:6734: checking for memory.h
configure:6755: gcc -c -g -O2  conftest.c >&5
configure:6761: $? = 0
configure:6777: result: yes
configure:6734: checking for strings.h
configure:6755: gcc -c -g -O2  conftest.c >&5
configure:6761: $? = 0
configure:6777: result: yes
configure:6734: checking for inttypes.h
configure:6755: gcc -c -g -O2  conftest.c >&5
configure:6761: $? = 0
configure:6777: result: yes
configure:6734: checking for stdint.h
configure:6755: gcc -c -g -O2  conftest.c >&5
configure:6761: $? = 0
configure:6777: result: yes
configure:6734: checking for unistd.h
configure:6755: gcc -c -g -O2  conftest.c >&5
configure:6761: $? = 0
configure:6777: result: yes
configure:6793: checking for dlfcn.h
configure:6814: gcc -c -g -O2  conftest.c >&5
configure:6820: $? = 0
configure:6836: result: yes
configure:7023: checking for objdir
configure:7038: result: .libs
configure:7309: checking if gcc supports -fno-rtti -fno-exceptions
configure:7327: gcc -c -g -O2  -fno-rtti -fno-exceptions conftest.c >&5
cc1: warning: command line option "-fno-rtti" is valid for C++/ObjC++ but not for C
configure:7331: $? = 0
configure:7344: result: no
configure:7364: checking for gcc option to produce PIC
configure:7649: result: -fno-common -DPIC
configure:7661: checking if gcc PIC flag -fno-common -DPIC works
configure:7679: gcc -c -g -O2  -fno-common -DPIC -DPIC conftest.c >&5
configure:7683: $? = 0
configure:7696: result: yes
configure:7720: checking if gcc static flag -static works
configure:7748: result: no
configure:7763: checking if gcc supports -c -o file.o
configure:7784: gcc -c -g -O2  -o out/conftest2.o conftest.c >&5
configure:7788: $? = 0
configure:7810: result: yes
configure:7818: checking if gcc supports -c -o file.o
configure:7865: result: yes
configure:7898: checking whether the gcc linker (/usr/llvm-gcc-4.2/libexec/gcc/i686-apple-darwin11/4.2.1/ld) supports shared libraries
configure:9049: result: yes
configure:9294: checking dynamic linker characteristics
configure:9999: result: darwin11.1.0 dyld
configure:10106: checking how to hardcode library paths into programs
configure:10131: result: immediate
configure:10956: checking whether stripping libraries is possible
configure:10970: result: yes
configure:10996: checking if libtool supports shared libraries
configure:10998: result: yes
configure:11001: checking whether to build shared libraries
configure:11022: result: yes
configure:11025: checking whether to build static libraries
configure:11029: result: yes
configure:11122: checking for g++
configure:11138: found /usr/bin/g++
configure:11149: result: g++
configure:11180: checking for C++ compiler version
configure:11187: g++ --version >&5
i686-apple-darwin11-llvm-g++-4.2 (GCC) 4.2.1 (Based on Apple Inc. build 5658) (LLVM build 2335.15.00)
Copyright (C) 2007 Free Software Foundation, Inc.
This is free software; see the source for copying conditions.  There is NO
warranty; not even for MERCHANTABILITY or FITNESS FOR A PARTICULAR PURPOSE.

configure:11190: $? = 0
configure:11197: g++ -v >&5
Using built-in specs.
Target: i686-apple-darwin11
Configured with: /private/var/tmp/llvmgcc42/llvmgcc42-2335.15~25/src/configure --disable-checking --enable-werror --prefix=/Developer/usr/llvm-gcc-4.2 --mandir=/share/man --enable-languages=c,objc,c++,obj-c++ --program-prefix=llvm- --program-transform-name=/^[cg][^.-]*$/s/$/-4.2/ --with-slibdir=/usr/lib --build=i686-apple-darwin11 --enable-llvm=/private/var/tmp/llvmgcc42/llvmgcc42-2335.15~25/dst-llvmCore/Developer/usr/local --program-prefix=i686-apple-darwin11- --host=x86_64-apple-darwin11 --target=i686-apple-darwin11 --with-gxx-include-dir=/usr/include/c++/4.2.1
Thread model: posix
gcc version 4.2.1 (Based on Apple Inc. build 5658) (LLVM build 2335.15.00)
configure:11200: $? = 0
configure:11207: g++ -V >&5
llvm-g++-4.2: argument to `-V' is missing
configure:11210: $? = 1
configure:11213: checking whether we are using the GNU C++ compiler
configure:11242: g++ -c   conftest.cpp >&5
configure:11248: $? = 0
configure:11265: result: yes
configure:11270: checking whether g++ accepts -g
configure:11300: g++ -c -g  conftest.cpp >&5
configure:11306: $? = 0
configure:11405: result: yes
configure:11430: checking dependency style of g++
configure:11521: result: gcc3
configure:11544: checking how to run the C++ preprocessor
configure:11580: g++ -E  conftest.cpp
configure:11586: $? = 0
configure:11617: g++ -E  conftest.cpp
conftest.cpp:22:28: error: ac_nonexistent.h: No such file or directory
configure:11623: $? = 1
configure: failed program was:
| /* confdefs.h.  */
| #define PACKAGE_NAME "libconcord"
| #define PACKAGE_TARNAME "libconcord"
| #define PACKAGE_VERSION "0.23"
| #define PACKAGE_STRING "libconcord 0.23"
| #define PACKAGE_BUGREPORT "bug-automake@gnu.org"
| #define PACKAGE "libconcord"
| #define VERSION "0.23"
| #define STDC_HEADERS 1
| #define HAVE_SYS_TYPES_H 1
| #define HAVE_SYS_STAT_H 1
| #define HAVE_STDLIB_H 1
| #define HAVE_STRING_H 1
| #define HAVE_MEMORY_H 1
| #define HAVE_STRINGS_H 1
| #define HAVE_INTTYPES_H 1
| #define HAVE_STDINT_H 1
| #define HAVE_UNISTD_H 1
| #define HAVE_DLFCN_H 1
| #define LT_OBJDIR ".libs/"
| /* end confdefs.h.  */
| #include <ac_nonexistent.h>
configure:11656: result: g++ -E
configure:11685: g++ -E  conftest.cpp
configure:11691: $? = 0
configure:11722: g++ -E  conftest.cpp
conftest.cpp:22:28: error: ac_nonexistent.h: No such file or directory
configure:11728: $? = 1
configure: failed program was:
| /* confdefs.h.  */
| #define PACKAGE_NAME "libconcord"
| #define PACKAGE_TARNAME "libconcord"
| #define PACKAGE_VERSION "0.23"
| #define PACKAGE_STRING "libconcord 0.23"
| #define PACKAGE_BUGREPORT "bug-automake@gnu.org"
| #define PACKAGE "libconcord"
| #define VERSION "0.23"
| #define STDC_HEADERS 1
| #define HAVE_SYS_TYPES_H 1
| #define HAVE_SYS_STAT_H 1
| #define HAVE_STDLIB_H 1
| #define HAVE_STRING_H 1
| #define HAVE_MEMORY_H 1
| #define HAVE_STRINGS_H 1
| #define HAVE_INTTYPES_H 1
| #define HAVE_STDINT_H 1
| #define HAVE_UNISTD_H 1
| #define HAVE_DLFCN_H 1
| #define LT_OBJDIR ".libs/"
| /* end confdefs.h.  */
| #include <ac_nonexistent.h>
configure:11905: checking for ld used by g++
configure:11972: result: /usr/llvm-gcc-4.2/libexec/gcc/i686-apple-darwin11/4.2.1/ld
configure:11981: checking if the linker (/usr/llvm-gcc-4.2/libexec/gcc/i686-apple-darwin11/4.2.1/ld) is GNU ld
configure:11996: result: no
configure:12051: checking whether the g++ linker (/usr/llvm-gcc-4.2/libexec/gcc/i686-apple-darwin11/4.2.1/ld) supports shared libraries
configure:13037: result: yes
configure:13065: g++ -c -g -O2  conftest.cpp >&5
configure:13068: $? = 0
configure:13250: checking for g++ option to produce PIC
configure:13572: result: -fno-common -DPIC
configure:13581: checking if g++ PIC flag -fno-common -DPIC works
configure:13599: g++ -c -g -O2  -fno-common -DPIC -DPIC conftest.cpp >&5
configure:13603: $? = 0
configure:13616: result: yes
configure:13637: checking if g++ static flag -static works
configure:13665: result: no
configure:13677: checking if g++ supports -c -o file.o
configure:13698: g++ -c -g -O2  -o out/conftest2.o conftest.cpp >&5
configure:13702: $? = 0
configure:13724: result: yes
configure:13729: checking if g++ supports -c -o file.o
configure:13776: result: yes
configure:13806: checking whether the g++ linker (/usr/llvm-gcc-4.2/libexec/gcc/i686-apple-darwin11/4.2.1/ld) supports shared libraries
configure:13834: result: yes
configure:13977: checking dynamic linker characteristics
configure:14616: result: darwin11.1.0 dyld
configure:14669: checking how to hardcode library paths into programs
configure:14694: result: immediate
configure:14744: checking usb.h usability
configure:14761: gcc -c -g -O2  conftest.c >&5
configure:14767: $? = 0
configure:14781: result: yes
configure:14785: checking usb.h presence
configure:14800: gcc -E  conftest.c
configure:14806: $? = 0
configure:14820: result: yes
configure:14853: checking for usb.h
configure:14860: result: yes
configure:14872: checking for usb_init in -lusb
configure:14907: gcc -o conftest -g -O2   conftest.c -lusb   >&5
configure:14913: $? = 0
configure:14931: result: yes
configure:15075: creating ./config.status

## ---------------- ##
## Cache variables. ##
## ---------------- ##

ac_cv_build=x86_64-apple-darwin11.1.0
ac_cv_c_compiler_gnu=yes
ac_cv_cxx_compiler_gnu=yes
ac_cv_env_CCC_set=
ac_cv_env_CCC_value=
ac_cv_env_CC_set=
ac_cv_env_CC_value=
ac_cv_env_CFLAGS_set=
ac_cv_env_CFLAGS_value=
ac_cv_env_CPPFLAGS_set=
ac_cv_env_CPPFLAGS_value=
ac_cv_env_CPP_set=
ac_cv_env_CPP_value=
ac_cv_env_CXXCPP_set=
ac_cv_env_CXXCPP_value=
ac_cv_env_CXXFLAGS_set=
ac_cv_env_CXXFLAGS_value=
ac_cv_env_CXX_set=
ac_cv_env_CXX_value=
ac_cv_env_LDFLAGS_set=
ac_cv_env_LDFLAGS_value=
ac_cv_env_LIBS_set=
ac_cv_env_LIBS_value=
ac_cv_env_build_alias_set=
ac_cv_env_build_alias_value=
ac_cv_env_host_alias_set=
ac_cv_env_host_alias_value=
ac_cv_env_target_alias_set=
ac_cv_env_target_alias_value=
ac_cv_header_dlfcn_h=yes
ac_cv_header_inttypes_h=yes
ac_cv_header_memory_h=yes
ac_cv_header_stdc=yes
ac_cv_header_stdint_h=yes
ac_cv_header_stdlib_h=yes
ac_cv_header_string_h=yes
ac_cv_header_strings_h=yes
ac_cv_header_sys_stat_h=yes
ac_cv_header_sys_types_h=yes
ac_cv_header_unistd_h=yes
ac_cv_header_usb_h=yes
ac_cv_host=x86_64-apple-darwin11.1.0
ac_cv_lib_usb_usb_init=yes
ac_cv_objext=o
ac_cv_path_EGREP='/usr/bin/grep -E'
ac_cv_path_FGREP='/usr/bin/grep -F'
ac_cv_path_GREP=/usr/bin/grep
ac_cv_path_SED=/usr/bin/sed
ac_cv_path_install='/usr/bin/install -c'
ac_cv_prog_AWK=awk
ac_cv_prog_CPP='gcc -E'
ac_cv_prog_CXXCPP='g++ -E'
ac_cv_prog_ac_ct_AR=ar
ac_cv_prog_ac_ct_CC=gcc
ac_cv_prog_ac_ct_CXX=g++
ac_cv_prog_ac_ct_DSYMUTIL=dsymutil
ac_cv_prog_ac_ct_LIPO=lipo
ac_cv_prog_ac_ct_NMEDIT=nmedit
ac_cv_prog_ac_ct_OTOOL=otool
ac_cv_prog_ac_ct_RANLIB=ranlib
ac_cv_prog_ac_ct_STRIP=strip
ac_cv_prog_cc_c89=
ac_cv_prog_cc_g=yes
ac_cv_prog_cxx_g=yes
ac_cv_prog_make_make_set=yes
am_cv_CC_dependencies_compiler_type=gcc3
am_cv_CXX_dependencies_compiler_type=gcc3
lt_cv_apple_cc_single_mod=yes
lt_cv_deplibs_check_method=pass_all
lt_cv_file_magic_cmd='$MAGIC_CMD'
lt_cv_file_magic_test_file=
lt_cv_ld_exported_symbols_list=yes
lt_cv_ld_force_load=yes
lt_cv_ld_reload_flag=-r
lt_cv_nm_interface='BSD nm'
lt_cv_objdir=.libs
lt_cv_path_LD=/usr/llvm-gcc-4.2/libexec/gcc/i686-apple-darwin11/4.2.1/ld
lt_cv_path_LDCXX=/usr/llvm-gcc-4.2/libexec/gcc/i686-apple-darwin11/4.2.1/ld
lt_cv_path_NM=/usr/bin/nm
lt_cv_prog_compiler_c_o=yes
lt_cv_prog_compiler_c_o_CXX=yes
lt_cv_prog_compiler_pic_works=yes
lt_cv_prog_compiler_pic_works_CXX=yes
lt_cv_prog_compiler_rtti_exceptions=no
lt_cv_prog_compiler_static_works=no
lt_cv_prog_compiler_static_works_CXX=no
lt_cv_prog_gnu_ld=no
lt_cv_prog_gnu_ldcxx=no
lt_cv_sys_global_symbol_pipe='sed -n -e '\''s/^.*[	 ]\([BCDEGRST][BCDEGRST]*\)[	 ][	 ]*_\([_A-Za-z][_A-Za-z0-9]*\)$/\1 _\2 \2/p'\'''
lt_cv_sys_global_symbol_to_c_name_address='sed -n -e '\''s/^: \([^ ]*\) $/  {\"\1\", (void *) 0},/p'\'' -e '\''s/^[BCDEGRST]* \([^ ]*\) \([^ ]*\)$/  {"\2", (void *) \&\2},/p'\'''
lt_cv_sys_global_symbol_to_c_name_address_lib_prefix='sed -n -e '\''s/^: \([^ ]*\) $/  {\"\1\", (void *) 0},/p'\'' -e '\''s/^[BCDEGRST]* \([^ ]*\) \(lib[^ ]*\)$/  {"\2", (void *) \&\2},/p'\'' -e '\''s/^[BCDEGRST]* \([^ ]*\) \([^ ]*\)$/  {"lib\2", (void *) \&\2},/p'\'''
lt_cv_sys_global_symbol_to_cdecl='sed -n -e '\''s/^T .* \(.*\)$/extern int \1();/p'\'' -e '\''s/^[BCDEGRST]* .* \(.*\)$/extern char \1;/p'\'''
lt_cv_sys_max_cmd_len=196608

## ----------------- ##
## Output variables. ##
## ----------------- ##

ACLOCAL='${SHELL} /Users/doug/dev/concordance-0.23/libconcord/missing --run aclocal-1.10'
AMDEPBACKSLASH='\'
AMDEP_FALSE='#'
AMDEP_TRUE=''
AMTAR='${SHELL} /Users/doug/dev/concordance-0.23/libconcord/missing --run tar'
AR='ar'
AUTOCONF='${SHELL} /Users/doug/dev/concordance-0.23/libconcord/missing --run autoconf'
AUTOHEADER='${SHELL} /Users/doug/dev/concordance-0.23/libconcord/missing --run autoheader'
AUTOMAKE='${SHELL} /Users/doug/dev/concordance-0.23/libconcord/missing --run automake-1.10'
AWK='awk'
CC='gcc'
CCDEPMODE='depmode=gcc3'
CFLAGS='-g -O2'
CPP='gcc -E'
CPPFLAGS=''
CXX='g++'
CXXCPP='g++ -E'
CXXDEPMODE='depmode=gcc3'
CXXFLAGS='-g -O2'
CYGPATH_W='echo'
DEFS='-DHAVE_CONFIG_H'
DEPDIR='.deps'
DSYMUTIL='dsymutil'
DUMPBIN=''
ECHO_C='ECHO_N=''
ECHO_T=''
EGREP='/usr/bin/grep -E'
EXEEXT=''
FGREP='/usr/bin/grep -F'
GREP='/usr/bin/grep'
INSTALL_DATA='${INSTALL} -m 644'
INSTALL_PROGRAM='${INSTALL}'
INSTALL_SCRIPT='${INSTALL}'
INSTALL_STRIP_PROGRAM='$(install_sh) -c -s'
LD='/usr/llvm-gcc-4.2/libexec/gcc/i686-apple-darwin11/4.2.1/ld'
LDFLAGS=''
LIBOBJS=''
LIBS='-lusb '
LIBTOOL='$(SHELL) $(top_builddir)/libtool'
LIPO='lipo'
LN_S='ln -s'
LTLIBOBJS=''
MAKEINFO='${SHELL} /Users/doug/dev/concordance-0.23/libconcord/missing --run makeinfo'
NM='/usr/bin/nm'
NMEDIT='nmedit'
OBJDUMP='false'
OBJEXT='o'
OTOOL64=':'
OTOOL='otool'
PACKAGE='libconcord'
PACKAGE_BUGREPORT='bug-automake@gnu.org'
PACKAGE_NAME='libconcord'
PACKAGE_STRING='libconcord 0.23'
PACKAGE_TARNAME='libconcord'
PACKAGE_VERSION='0.23'
PATH_SEPARATOR=':'
RANLIB='ranlib'
SED='/usr/bin/sed'
SET_MAKE=''
SHELL='/bin/sh'
STRIP='strip'
VERSION='0.23'
ac_ct_CC='gcc'
ac_ct_CXX='g++'
ac_ct_DUMPBIN=''
am__fastdepCC_FALSE='#'
am__fastdepCC_TRUE=''
am__fastdepCXX_FALSE='#'
am__fastdepCXX_TRUE=''
am__include='include'
am__isrc=''
am__leading_dot='.'
am__quote=''
am__tar='${AMTAR} chof - "$$tardir"'
am__untar='${AMTAR} xf -'
bindir='${exec_prefix}/bin'
build='x86_64-apple-darwin11.1.0'
build_alias=''
build_cpu='x86_64'
build_os='darwin11.1.0'
build_vendor='apple'
datadir='${datarootdir}'
datarootdir='${prefix}/share'
docdir='${datarootdir}/doc/${PACKAGE_TARNAME}'
dvidir='${docdir}'
exec_prefix='${prefix}'
host='x86_64-apple-darwin11.1.0'
host_alias=''
host_cpu='x86_64'
host_os='darwin11.1.0'
host_vendor='apple'
htmldir='${docdir}'
includedir='${prefix}/include'
infodir='${datarootdir}/info'
install_sh='$(SHELL) /Users/doug/dev/concordance-0.23/libconcord/install-sh'
libdir='${exec_prefix}/lib'
libexecdir='${exec_prefix}/libexec'
localedir='${datarootdir}/locale'
localstatedir='${prefix}/var'
mandir='${datarootdir}/man'
mkdir_p='$(top_builddir)/./install-sh -c -d'
oldincludedir='/usr/include'
pdfdir='${docdir}'
prefix='/usr/local'
program_transform_name='s,x,x,'
psdir='${docdir}'
sbindir='${exec_prefix}/sbin'
sharedstatedir='${prefix}/com'
sysconfdir='${prefix}/etc'
target_alias=''

## ----------- ##
## confdefs.h. ##
## ----------- ##

#define PACKAGE_NAME "libconcord"
#define PACKAGE_TARNAME "libconcord"
#define PACKAGE_VERSION "0.23"
#define PACKAGE_STRING "libconcord 0.23"
#define PACKAGE_BUGREPORT "bug-automake@gnu.org"
#define PACKAGE "libconcord"
#define VERSION "0.23"
#define STDC_HEADERS 1
#define HAVE_SYS_TYPES_H 1
#define HAVE_SYS_STAT_H 1
#define HAVE_STDLIB_H 1
#define HAVE_STRING_H 1
#define HAVE_MEMORY_H 1
#define HAVE_STRINGS_H 1
#define HAVE_INTTYPES_H 1
#define HAVE_STDINT_H 1
#define HAVE_UNISTD_H 1
#define HAVE_DLFCN_H 1
#define LT_OBJDIR ".libs/"
#define HAVE_LIBUSB 1

configure: exit 0

## ---------------------- ##
## Running config.status. ##
## ---------------------- ##

This file was extended by libconcord config.status 0.23, which was
generated by GNU Autoconf 2.61.  Invocation command line was

  CONFIG_FILES    = 
  CONFIG_HEADERS  = 
  CONFIG_LINKS    = 
  CONFIG_COMMANDS = 
  $ ./config.status 

on Dougs-Mac-Pro.local

config.status:912: creating Makefile
config.status:912: creating config.h
config.status:1141: config.h is unchanged
config.status:1187: executing depfiles commands
config.status:1187: executing libtool commands

## ---------------------- ##
## Running config.status. ##
## ---------------------- ##

This file was extended by libconcord config.status 0.23, which was
generated by GNU Autoconf 2.61.  Invocation command line was

  CONFIG_FILES    = 
  CONFIG_HEADERS  = 
  CONFIG_LINKS    = 
  CONFIG_COMMANDS = 
  $ ./config.status config.h

on Dougs-Mac-Pro.local

config.status:912: creating config.h
config.status:1141: config.h is unchanged
